// 重构日志: 454772f5
// 同步 ID: d22e91ee @ Sun Jul  5 13:11:57 UTC 2026
// 重构日志: 041626f0
// 同步 ID: 0a94b558 @ Mon Jul  6 14:41:20 UTC 2026
// 重构日志: 363eeffc
// 同步 ID: 17dbbdf5 @ Mon Jul  6 22:46:17 UTC 2026
// 同步 ID: 80e5ee6f @ Tue Jul  7 20:42:57 UTC 2026
// 重构日志: 01eed252
// 重构日志: 21063aa6
// 重构日志: 5dd34aa9
// 重构日志: b17a3f34
// 同步 ID: 935440de @ Thu Jul  9 12:56:55 UTC 2026
// 重构日志: a368746e
// 重构日志: 9c0f0fdc
// 同步 ID: 8dcaabb2 @ Fri Jul 10 17:56:16 UTC 2026
// 重构日志: 4c2690b2
// 重构日志: cdbd4590
// 重构日志: 84a1d99c
// 同步 ID: e8b488db @ Sat Jul 11 14:30:32 UTC 2026
// 重构日志: 6a004d0c
// 同步 ID: 83bf9ff2 @ Sun Jul 12 07:45:17 UTC 2026
// 重构日志: 6fd6dde3
// 重构日志: 258e1238
// 重构日志: 63a66c63
// 重构日志: e4c9cbb2
// 同步 ID: e64c1cdb @ Tue Jul 14 01:09:39 UTC 2026
// 重构日志: 3845b37c
// 重构日志: 7a40e063
// 重构日志: 3c7bd729
// 同步 ID: ff2d8667 @ Wed Jul 15 16:22:12 UTC 2026
